{"C:\\Users\\rafae\\Documents\\Projetos\\clean-api\\src\\presentation\\controllers\\signup.ts": {"path":"C:\\Users\\rafae\\Documents\\Projetos\\clean-api\\src\\presentation\\controllers\\signup.ts","statementMap":{"0":{"start":{"line":3,"column":4},"end":{"line":5,"column":null}},"1":{"start":{"line":1,"column":0},"end":{"line":1,"column":13}}},"fnMap":{"0":{"name":"(anonymous_0)","decl":{"start":{"line":2,"column":2},"end":{"line":2,"column":8}},"loc":{"start":{"line":2,"column":26},"end":{"line":6,"column":3}}}},"branchMap":{},"s":{"0":1,"1":1},"f":{"0":1},"b":{}}
}
